Determining if the pthread_create exist failed with the following output:
Change Dir: /home/hejohnson/ros_ws/build/CMakeFiles/CMakeTmp

Run Build Command:/usr/bin/make "cmTryCompileExec49627413/fast"
/usr/bin/make -f CMakeFiles/cmTryCompileExec49627413.dir/build.make CMakeFiles/cmTryCompileExec49627413.dir/build
make[1]: Entering directory `/home/hejohnson/ros_ws/build/CMakeFiles/CMakeTmp'
/usr/bin/cmake -E cmake_progress_report /home/hejohnson/ros_ws/build/CMakeFiles/CMakeTmp/CMakeFiles 1
Building C object CMakeFiles/cmTryCompileExec49627413.dir/CheckSymbolExists.c.o
/usr/bin/cc    -o CMakeFiles/cmTryCompileExec49627413.dir/CheckSymbolExists.c.o   -c /home/hejohnson/ros_ws/build/CMakeFiles/CMakeTmp/CheckSymbolExists.c
Linking C executable cmTryCompileExec49627413
/usr/bin/cmake -E cmake_link_script CMakeFiles/cmTryCompileExec49627413.dir/link.txt --verbose=1
/usr/bin/cc       CMakeFiles/cmTryCompileExec49627413.dir/CheckSymbolExists.c.o  -o cmTryCompileExec49627413 -rdynamic 
CMakeFiles/cmTryCompileExec49627413.dir/CheckSymbolExists.c.o: In function `main':
CheckSymbolExists.c:(.text+0x16): undefined reference to `pthread_create'
collect2: error: ld returned 1 exit status
make[1]: *** [cmTryCompileExec49627413] Error 1
make[1]: Leaving directory `/home/hejohnson/ros_ws/build/CMakeFiles/CMakeTmp'
make: *** [cmTryCompileExec49627413/fast] Error 2

File /home/hejohnson/ros_ws/build/CMakeFiles/CMakeTmp/CheckSymbolExists.c:
/* */
#include <pthread.h>

int main(int argc, char** argv)
{
  (void)argv;
#ifndef pthread_create
  return ((int*)(&pthread_create))[argc];
#else
  (void)argc;
  return 0;
#endif
}

Determining if the function pthread_create exists in the pthreads failed with the following output:
Change Dir: /home/hejohnson/ros_ws/build/CMakeFiles/CMakeTmp

Run Build Command:/usr/bin/make "cmTryCompileExec1340610248/fast"
/usr/bin/make -f CMakeFiles/cmTryCompileExec1340610248.dir/build.make CMakeFiles/cmTryCompileExec1340610248.dir/build
make[1]: Entering directory `/home/hejohnson/ros_ws/build/CMakeFiles/CMakeTmp'
/usr/bin/cmake -E cmake_progress_report /home/hejohnson/ros_ws/build/CMakeFiles/CMakeTmp/CMakeFiles 1
Building C object CMakeFiles/cmTryCompileExec1340610248.dir/CheckFunctionExists.c.o
/usr/bin/cc   -DCHECK_FUNCTION_EXISTS=pthread_create   -o CMakeFiles/cmTryCompileExec1340610248.dir/CheckFunctionExists.c.o   -c /usr/share/cmake-2.8/Modules/CheckFunctionExists.c
Linking C executable cmTryCompileExec1340610248
/usr/bin/cmake -E cmake_link_script CMakeFiles/cmTryCompileExec1340610248.dir/link.txt --verbose=1
/usr/bin/cc   -DCHECK_FUNCTION_EXISTS=pthread_create    CMakeFiles/cmTryCompileExec1340610248.dir/CheckFunctionExists.c.o  -o cmTryCompileExec1340610248 -rdynamic -lpthreads 
/usr/bin/ld: cannot find -lpthreads
collect2: error: ld returned 1 exit status
make[1]: Leaving directory `/home/hejohnson/ros_ws/build/CMakeFiles/CMakeTmp'
make[1]: *** [cmTryCompileExec1340610248] Error 1
make: *** [cmTryCompileExec1340610248/fast] Error 2


Determining if the Q_WS_WIN exist failed with the following output:
Change Dir: /home/hejohnson/ros_ws/build/CMakeFiles/CMakeTmp

Run Build Command:/usr/bin/make "cmTryCompileExec1991190577/fast"
/usr/bin/make -f CMakeFiles/cmTryCompileExec1991190577.dir/build.make CMakeFiles/cmTryCompileExec1991190577.dir/build
make[1]: Entering directory `/home/hejohnson/ros_ws/build/CMakeFiles/CMakeTmp'
/usr/bin/cmake -E cmake_progress_report /home/hejohnson/ros_ws/build/CMakeFiles/CMakeTmp/CMakeFiles 1
Building CXX object CMakeFiles/cmTryCompileExec1991190577.dir/CheckSymbolExists.cxx.o
/usr/bin/c++    -I/usr/include/qt4    -o CMakeFiles/cmTryCompileExec1991190577.dir/CheckSymbolExists.cxx.o -c /home/hejohnson/ros_ws/build/CMakeFiles/CMakeTmp/CheckSymbolExists.cxx
/home/hejohnson/ros_ws/build/CMakeFiles/CMakeTmp/CheckSymbolExists.cxx: In function ‘int main(int, char**)’:
/home/hejohnson/ros_ws/build/CMakeFiles/CMakeTmp/CheckSymbolExists.cxx:8:19: error: ‘Q_WS_WIN’ was not declared in this scope
   return ((int*)(&Q_WS_WIN))[argc];
                   ^
make[1]: *** [CMakeFiles/cmTryCompileExec1991190577.dir/CheckSymbolExists.cxx.o] Error 1
make[1]: Leaving directory `/home/hejohnson/ros_ws/build/CMakeFiles/CMakeTmp'
make: *** [cmTryCompileExec1991190577/fast] Error 2

File /home/hejohnson/ros_ws/build/CMakeFiles/CMakeTmp/CheckSymbolExists.cxx:
/* */
#include <QtCore/qglobal.h>

int main(int argc, char** argv)
{
  (void)argv;
#ifndef Q_WS_WIN
  return ((int*)(&Q_WS_WIN))[argc];
#else
  (void)argc;
  return 0;
#endif
}

Determining if the Q_WS_QWS exist failed with the following output:
Change Dir: /home/hejohnson/ros_ws/build/CMakeFiles/CMakeTmp

Run Build Command:/usr/bin/make "cmTryCompileExec3567057297/fast"
/usr/bin/make -f CMakeFiles/cmTryCompileExec3567057297.dir/build.make CMakeFiles/cmTryCompileExec3567057297.dir/build
make[1]: Entering directory `/home/hejohnson/ros_ws/build/CMakeFiles/CMakeTmp'
/usr/bin/cmake -E cmake_progress_report /home/hejohnson/ros_ws/build/CMakeFiles/CMakeTmp/CMakeFiles 1
Building CXX object CMakeFiles/cmTryCompileExec3567057297.dir/CheckSymbolExists.cxx.o
/usr/bin/c++    -I/usr/include/qt4    -o CMakeFiles/cmTryCompileExec3567057297.dir/CheckSymbolExists.cxx.o -c /home/hejohnson/ros_ws/build/CMakeFiles/CMakeTmp/CheckSymbolExists.cxx
/home/hejohnson/ros_ws/build/CMakeFiles/CMakeTmp/CheckSymbolExists.cxx: In function ‘int main(int, char**)’:
/home/hejohnson/ros_ws/build/CMakeFiles/CMakeTmp/CheckSymbolExists.cxx:8:19: error: ‘Q_WS_QWS’ was not declared in this scope
   return ((int*)(&Q_WS_QWS))[argc];
                   ^
make[1]: *** [CMakeFiles/cmTryCompileExec3567057297.dir/CheckSymbolExists.cxx.o] Error 1
make[1]: Leaving directory `/home/hejohnson/ros_ws/build/CMakeFiles/CMakeTmp'
make: *** [cmTryCompileExec3567057297/fast] Error 2

File /home/hejohnson/ros_ws/build/CMakeFiles/CMakeTmp/CheckSymbolExists.cxx:
/* */
#include <QtCore/qglobal.h>

int main(int argc, char** argv)
{
  (void)argv;
#ifndef Q_WS_QWS
  return ((int*)(&Q_WS_QWS))[argc];
#else
  (void)argc;
  return 0;
#endif
}

Determining if the Q_WS_MAC exist failed with the following output:
Change Dir: /home/hejohnson/ros_ws/build/CMakeFiles/CMakeTmp

Run Build Command:/usr/bin/make "cmTryCompileExec3380661463/fast"
/usr/bin/make -f CMakeFiles/cmTryCompileExec3380661463.dir/build.make CMakeFiles/cmTryCompileExec3380661463.dir/build
make[1]: Entering directory `/home/hejohnson/ros_ws/build/CMakeFiles/CMakeTmp'
/usr/bin/cmake -E cmake_progress_report /home/hejohnson/ros_ws/build/CMakeFiles/CMakeTmp/CMakeFiles 1
Building CXX object CMakeFiles/cmTryCompileExec3380661463.dir/CheckSymbolExists.cxx.o
/usr/bin/c++    -I/usr/include/qt4    -o CMakeFiles/cmTryCompileExec3380661463.dir/CheckSymbolExists.cxx.o -c /home/hejohnson/ros_ws/build/CMakeFiles/CMakeTmp/CheckSymbolExists.cxx
/home/hejohnson/ros_ws/build/CMakeFiles/CMakeTmp/CheckSymbolExists.cxx: In function ‘int main(int, char**)’:
/home/hejohnson/ros_ws/build/CMakeFiles/CMakeTmp/CheckSymbolExists.cxx:8:19: error: ‘Q_WS_MAC’ was not declared in this scope
   return ((int*)(&Q_WS_MAC))[argc];
                   ^
make[1]: *** [CMakeFiles/cmTryCompileExec3380661463.dir/CheckSymbolExists.cxx.o] Error 1
make[1]: Leaving directory `/home/hejohnson/ros_ws/build/CMakeFiles/CMakeTmp'
make: *** [cmTryCompileExec3380661463/fast] Error 2

File /home/hejohnson/ros_ws/build/CMakeFiles/CMakeTmp/CheckSymbolExists.cxx:
/* */
#include <QtCore/qglobal.h>

int main(int argc, char** argv)
{
  (void)argv;
#ifndef Q_WS_MAC
  return ((int*)(&Q_WS_MAC))[argc];
#else
  (void)argc;
  return 0;
#endif
}

